This file contains any messages produced by compilers while
running configure, to aid debugging if configure makes a mistake.

It was created by prophet configure 0.1, which was
generated by GNU Autoconf 2.69.  Invocation command line was

  $ ./configure 

## --------- ##
## Platform. ##
## --------- ##

hostname = lisa
uname -m = x86_64
uname -r = 15.3.0
uname -s = Darwin
uname -v = Darwin Kernel Version 15.3.0: Thu Dec 10 18:40:58 PST 2015; root:xnu-3248.30.4~1/RELEASE_X86_64

/usr/bin/uname -p = i386
/bin/uname -X     = unknown

/bin/arch              = unknown
/usr/bin/arch -k       = unknown
/usr/convex/getsysinfo = unknown
/usr/bin/hostinfo      = Mach kernel version:
	 Darwin Kernel Version 15.3.0: Thu Dec 10 18:40:58 PST 2015; root:xnu-3248.30.4~1/RELEASE_X86_64
Kernel configured for up to 8 processors.
4 processors are physically available.
8 processors are logically available.
Processor type: x86_64h (Intel x86-64h Haswell)
Processors active: 0 1 2 3 4 5 6 7
Primary memory available: 16.00 gigabytes
Default processor set: 244 tasks, 974 threads, 8 processors
Load average: 1.54, Mach factor: 6.45
/bin/machine           = unknown
/usr/bin/oslevel       = unknown
/bin/universe          = unknown

PATH: /Users/lisahua/Documents/lisa/project/spr/daikon-5.2.22/scripts
PATH: /Users/lisahua/Documents/lisa/project/spr/daikon-5.2.22/plume-lib/bin
PATH: /Library/Java/JavaVirtualMachines/jdk1.8.0_66.jdk/Contents/Home/bin
PATH: /usr/local/bin
PATH: /usr/bin
PATH: /bin
PATH: /usr/sbin
PATH: /sbin
PATH: /Library/TeX/texbin
PATH: /Users/lisahua/Documents/lisa/project/spr/defects4j/framework/bin
PATH: /Users/lisahua/Documents/lisa/project/spr/daikon-5.2.22
PATH: /Users/lisahua/Documents/lisa/project/spr/java-sketch/sketch-1.7.0/sketch-frontend/runtime/..


## ----------- ##
## Core tests. ##
## ----------- ##

configure:2481: checking for a BSD-compatible install
configure:2549: result: /usr/bin/install -c
configure:2560: checking whether build environment is sane
configure:2615: result: yes
configure:2766: checking for a thread-safe mkdir -p
configure:2805: result: build-aux/install-sh -c -d
configure:2812: checking for gawk
configure:2842: result: no
configure:2812: checking for mawk
configure:2842: result: no
configure:2812: checking for nawk
configure:2842: result: no
configure:2812: checking for awk
configure:2828: found /usr/local/bin/awk
configure:2839: result: awk
configure:2850: checking whether make sets $(MAKE)
configure:2872: result: yes
configure:2901: checking whether make supports nested variables
configure:2918: result: yes
configure:3054: checking whether make supports nested variables
configure:3071: result: yes
configure:3096: checking for style of include used by make
configure:3124: result: GNU
configure:3195: checking for gcc
configure:3211: found /usr/bin/gcc
configure:3222: result: gcc
configure:3451: checking for C compiler version
configure:3460: gcc --version >&5
Apple LLVM version 7.0.2 (clang-700.1.81)
Target: x86_64-apple-darwin15.3.0
Thread model: posix
Configured with: --prefix=/Library/Developer/CommandLineTools/usr --with-gxx-include-dir=/usr/include/c++/4.2.1
configure:3471: $? = 0
configure:3460: gcc -v >&5
Configured with: --prefix=/Library/Developer/CommandLineTools/usr --with-gxx-include-dir=/usr/include/c++/4.2.1
Apple LLVM version 7.0.2 (clang-700.1.81)
Target: x86_64-apple-darwin15.3.0
Thread model: posix
configure:3471: $? = 0
configure:3460: gcc -V >&5
clang: error: argument to '-V' is missing (expected 1 value)
clang: error: no input files
configure:3471: $? = 1
configure:3460: gcc -qversion >&5
clang: error: unknown argument: '-qversion'
clang: error: no input files
configure:3471: $? = 1
configure:3491: checking whether the C compiler works
configure:3513: gcc    conftest.c  >&5
configure:3517: $? = 0
configure:3565: result: yes
configure:3568: checking for C compiler default output file name
configure:3570: result: a.out
configure:3576: checking for suffix of executables
configure:3583: gcc -o conftest    conftest.c  >&5
configure:3587: $? = 0
configure:3609: result: 
configure:3631: checking whether we are cross compiling
configure:3639: gcc -o conftest    conftest.c  >&5
configure:3643: $? = 0
configure:3650: ./conftest
configure:3654: $? = 0
configure:3669: result: no
configure:3674: checking for suffix of object files
configure:3696: gcc -c   conftest.c >&5
configure:3700: $? = 0
configure:3721: result: o
configure:3725: checking whether we are using the GNU C compiler
configure:3744: gcc -c   conftest.c >&5
configure:3744: $? = 0
configure:3753: result: yes
configure:3762: checking whether gcc accepts -g
configure:3782: gcc -c -g  conftest.c >&5
configure:3782: $? = 0
configure:3823: result: yes
configure:3840: checking for gcc option to accept ISO C89
configure:3903: gcc  -c -g -O2  conftest.c >&5
configure:3903: $? = 0
configure:3916: result: none needed
configure:3941: checking whether gcc understands -c and -o together
configure:3963: gcc -c conftest.c -o conftest2.o
configure:3966: $? = 0
configure:3963: gcc -c conftest.c -o conftest2.o
configure:3966: $? = 0
configure:3978: result: yes
configure:3997: checking dependency style of gcc
configure:4108: result: gcc3
configure:4182: checking for g++
configure:4198: found /usr/bin/g++
configure:4209: result: g++
configure:4236: checking for C++ compiler version
configure:4245: g++ --version >&5
Apple LLVM version 7.0.2 (clang-700.1.81)
Target: x86_64-apple-darwin15.3.0
Thread model: posix
Configured with: --prefix=/Library/Developer/CommandLineTools/usr --with-gxx-include-dir=/usr/include/c++/4.2.1
configure:4256: $? = 0
configure:4245: g++ -v >&5
Configured with: --prefix=/Library/Developer/CommandLineTools/usr --with-gxx-include-dir=/usr/include/c++/4.2.1
Apple LLVM version 7.0.2 (clang-700.1.81)
Target: x86_64-apple-darwin15.3.0
Thread model: posix
configure:4256: $? = 0
configure:4245: g++ -V >&5
clang: error: argument to '-V' is missing (expected 1 value)
clang: error: no input files
configure:4256: $? = 1
configure:4245: g++ -qversion >&5
clang: error: unknown argument: '-qversion'
clang: error: no input files
configure:4256: $? = 1
configure:4260: checking whether we are using the GNU C++ compiler
configure:4279: g++ -c   conftest.cpp >&5
configure:4279: $? = 0
configure:4288: result: yes
configure:4297: checking whether g++ accepts -g
configure:4317: g++ -c -g  conftest.cpp >&5
configure:4317: $? = 0
configure:4358: result: yes
configure:4383: checking dependency style of g++
configure:4494: result: gcc3
configure:4509: checking whether ln -s works
configure:4513: result: yes
configure:4521: checking for a sed that does not truncate output
configure:4585: result: /usr/bin/sed
configure:4620: checking build system type
configure:4634: result: x86_64-apple-darwin15.3.0
configure:4654: checking host system type
configure:4667: result: x86_64-apple-darwin15.3.0
configure:4708: checking how to print strings
configure:4735: result: printf
configure:4756: checking for a sed that does not truncate output
configure:4820: result: /usr/bin/sed
configure:4838: checking for grep that handles long lines and -e
configure:4896: result: /usr/bin/grep
configure:4901: checking for egrep
configure:4963: result: /usr/bin/grep -E
configure:4968: checking for fgrep
configure:5030: result: /usr/bin/grep -F
configure:5065: checking for ld used by gcc
configure:5132: result: /Library/Developer/CommandLineTools/usr/bin/ld
configure:5139: checking if the linker (/Library/Developer/CommandLineTools/usr/bin/ld) is GNU ld
configure:5154: result: no
configure:5166: checking for BSD- or MS-compatible name lister (nm)
configure:5215: result: /usr/bin/nm
configure:5345: checking the name lister (/usr/bin/nm) interface
configure:5352: gcc -c -g -O2  conftest.c >&5
configure:5355: /usr/bin/nm "conftest.o"
configure:5358: output
000000000000020c S _some_variable
configure:5365: result: BSD nm
configure:5369: checking the maximum length of command line arguments
configure:5500: result: 196608
configure:5517: checking whether the shell understands some XSI constructs
configure:5527: result: yes
configure:5531: checking whether the shell understands "+="
configure:5537: result: yes
configure:5572: checking how to convert x86_64-apple-darwin15.3.0 file names to x86_64-apple-darwin15.3.0 format
configure:5612: result: func_convert_file_noop
configure:5619: checking how to convert x86_64-apple-darwin15.3.0 file names to toolchain format
configure:5639: result: func_convert_file_noop
configure:5646: checking for /Library/Developer/CommandLineTools/usr/bin/ld option to reload object files
configure:5653: result: -r
configure:5727: checking for objdump
configure:5757: result: no
configure:5786: checking how to recognize dependent libraries
configure:5984: result: pass_all
configure:6069: checking for dlltool
configure:6099: result: no
configure:6129: checking how to associate runtime and link libraries
configure:6156: result: printf %s\n
configure:6217: checking for ar
configure:6233: found /usr/bin/ar
configure:6244: result: ar
configure:6281: checking for archiver @FILE support
configure:6298: gcc -c -g -O2  conftest.c >&5
configure:6298: $? = 0
configure:6301: ar cru libconftest.a @conftest.lst >&5
ar: @conftest.lst: No such file or directory
configure:6304: $? = 1
configure:6324: result: no
configure:6382: checking for strip
configure:6398: found /usr/bin/strip
configure:6409: result: strip
configure:6481: checking for ranlib
configure:6497: found /usr/bin/ranlib
configure:6508: result: ranlib
configure:6610: checking command to parse /usr/bin/nm output from gcc object
configure:6730: gcc -c -g -O2  conftest.c >&5
configure:6733: $? = 0
configure:6737: /usr/bin/nm conftest.o \| sed -n -e 's/^.*[ ]\([BCDEGRST][BCDEGRST]*\)[ ][ ]*\([_A-Za-z][_A-Za-z0-9]*\)$/\1 \2 \2/p' | sed '/ __gnu_lto/d' \> conftest.nm
configure:6740: $? = 0
cannot find nm_test_var in conftest.nm
configure:6730: gcc -c -g -O2  conftest.c >&5
configure:6733: $? = 0
configure:6737: /usr/bin/nm conftest.o \| sed -n -e 's/^.*[ ]\([BCDEGRST][BCDEGRST]*\)[ ][ ]*_\([_A-Za-z][_A-Za-z0-9]*\)$/\1 _\2 \2/p' | sed '/ __gnu_lto/d' \> conftest.nm
configure:6740: $? = 0
configure:6806: gcc -o conftest -g -O2   conftest.c conftstm.o >&5
warning: (x86_64)  could not find object file symbol for symbol _main
configure:6809: $? = 0
configure:6847: result: ok
configure:6884: checking for sysroot
configure:6914: result: no
configure:7183: checking for mt
configure:7213: result: no
configure:7233: checking if : is a manifest tool
configure:7239: : '-?'
configure:7247: result: no
configure:7303: checking for dsymutil
configure:7319: found /usr/bin/dsymutil
configure:7330: result: dsymutil
configure:7395: checking for nmedit
configure:7411: found /usr/bin/nmedit
configure:7422: result: nmedit
configure:7487: checking for lipo
configure:7503: found /usr/bin/lipo
configure:7514: result: lipo
configure:7579: checking for otool
configure:7595: found /usr/bin/otool
configure:7606: result: otool
configure:7671: checking for otool64
configure:7701: result: no
configure:7746: checking for -single_module linker flag
gcc -g -O2  -o libconftest.dylib -dynamiclib -Wl,-single_module conftest.c
configure:7779: result: yes
configure:7782: checking for -exported_symbols_list linker flag
configure:7802: gcc -o conftest -g -O2   -Wl,-exported_symbols_list,conftest.sym conftest.c  >&5
configure:7802: $? = 0
configure:7812: result: yes
configure:7815: checking for -force_load linker flag
gcc -g -O2 -c -o conftest.o conftest.c
ar cru libconftest.a conftest.o
ranlib libconftest.a
gcc -g -O2  -o conftest conftest.c -Wl,-force_load,./libconftest.a
configure:7847: result: yes
configure:7889: checking how to run the C preprocessor
configure:7920: gcc -E  conftest.c
configure:7920: $? = 0
configure:7934: gcc -E  conftest.c
conftest.c:11:10: fatal error: 'ac_nonexistent.h' file not found
#include <ac_nonexistent.h>
         ^
1 error generated.
configure:7934: $? = 1
configure: failed program was:
| /* confdefs.h */
| #define PACKAGE_NAME "prophet"
| #define PACKAGE_TARNAME "prophet"
| #define PACKAGE_VERSION "0.1"
| #define PACKAGE_STRING "prophet 0.1"
| #define PACKAGE_BUGREPORT "fanl@csail.mit.edu, zichaoqi@mit.edu"
| #define PACKAGE_URL ""
| #define PACKAGE "prophet"
| #define VERSION "0.1"
| /* end confdefs.h.  */
| #include <ac_nonexistent.h>
configure:7959: result: gcc -E
configure:7979: gcc -E  conftest.c
configure:7979: $? = 0
configure:7993: gcc -E  conftest.c
conftest.c:11:10: fatal error: 'ac_nonexistent.h' file not found
#include <ac_nonexistent.h>
         ^
1 error generated.
configure:7993: $? = 1
configure: failed program was:
| /* confdefs.h */
| #define PACKAGE_NAME "prophet"
| #define PACKAGE_TARNAME "prophet"
| #define PACKAGE_VERSION "0.1"
| #define PACKAGE_STRING "prophet 0.1"
| #define PACKAGE_BUGREPORT "fanl@csail.mit.edu, zichaoqi@mit.edu"
| #define PACKAGE_URL ""
| #define PACKAGE "prophet"
| #define VERSION "0.1"
| /* end confdefs.h.  */
| #include <ac_nonexistent.h>
configure:8022: checking for ANSI C header files
configure:8042: gcc -c -g -O2  conftest.c >&5
configure:8042: $? = 0
configure:8115: gcc -o conftest -g -O2   conftest.c  >&5
configure:8115: $? = 0
configure:8115: ./conftest
configure:8115: $? = 0
configure:8126: result: yes
configure:8139: checking for sys/types.h
configure:8139: gcc -c -g -O2  conftest.c >&5
configure:8139: $? = 0
configure:8139: result: yes
configure:8139: checking for sys/stat.h
configure:8139: gcc -c -g -O2  conftest.c >&5
configure:8139: $? = 0
configure:8139: result: yes
configure:8139: checking for stdlib.h
configure:8139: gcc -c -g -O2  conftest.c >&5
configure:8139: $? = 0
configure:8139: result: yes
configure:8139: checking for string.h
configure:8139: gcc -c -g -O2  conftest.c >&5
configure:8139: $? = 0
configure:8139: result: yes
configure:8139: checking for memory.h
configure:8139: gcc -c -g -O2  conftest.c >&5
configure:8139: $? = 0
configure:8139: result: yes
configure:8139: checking for strings.h
configure:8139: gcc -c -g -O2  conftest.c >&5
configure:8139: $? = 0
configure:8139: result: yes
configure:8139: checking for inttypes.h
configure:8139: gcc -c -g -O2  conftest.c >&5
configure:8139: $? = 0
configure:8139: result: yes
configure:8139: checking for stdint.h
configure:8139: gcc -c -g -O2  conftest.c >&5
configure:8139: $? = 0
configure:8139: result: yes
configure:8139: checking for unistd.h
configure:8139: gcc -c -g -O2  conftest.c >&5
configure:8139: $? = 0
configure:8139: result: yes
configure:8153: checking for dlfcn.h
configure:8153: gcc -c -g -O2  conftest.c >&5
configure:8153: $? = 0
configure:8153: result: yes
configure:8368: checking for objdir
configure:8383: result: .libs
configure:8650: checking if gcc supports -fno-rtti -fno-exceptions
configure:8668: gcc -c -g -O2  -fno-rtti -fno-exceptions conftest.c >&5
configure:8672: $? = 0
configure:8685: result: yes
configure:9012: checking for gcc option to produce PIC
configure:9019: result: -fno-common -DPIC
configure:9027: checking if gcc PIC flag -fno-common -DPIC works
configure:9045: gcc -c -g -O2  -fno-common -DPIC -DPIC conftest.c >&5
configure:9049: $? = 0
configure:9062: result: yes
configure:9091: checking if gcc static flag -static works
configure:9119: result: no
configure:9134: checking if gcc supports -c -o file.o
configure:9155: gcc -c -g -O2  -o out/conftest2.o conftest.c >&5
configure:9159: $? = 0
configure:9181: result: yes
configure:9189: checking if gcc supports -c -o file.o
configure:9236: result: yes
configure:9269: checking whether the gcc linker (/Library/Developer/CommandLineTools/usr/bin/ld) supports shared libraries
configure:10426: result: yes
configure:10666: checking dynamic linker characteristics
configure:11400: result: darwin15.3.0 dyld
configure:11507: checking how to hardcode library paths into programs
configure:11532: result: immediate
configure:12072: checking whether stripping libraries is possible
configure:12086: result: yes
configure:12112: checking if libtool supports shared libraries
configure:12114: result: yes
configure:12117: checking whether to build shared libraries
configure:12138: result: yes
configure:12141: checking whether to build static libraries
configure:12145: result: no
configure:12168: checking how to run the C++ preprocessor
configure:12195: g++ -E  conftest.cpp
configure:12195: $? = 0
configure:12209: g++ -E  conftest.cpp
conftest.cpp:23:10: fatal error: 'ac_nonexistent.h' file not found
#include <ac_nonexistent.h>
         ^
1 error generated.
configure:12209: $? = 1
configure: failed program was:
| /* confdefs.h */
| #define PACKAGE_NAME "prophet"
| #define PACKAGE_TARNAME "prophet"
| #define PACKAGE_VERSION "0.1"
| #define PACKAGE_STRING "prophet 0.1"
| #define PACKAGE_BUGREPORT "fanl@csail.mit.edu, zichaoqi@mit.edu"
| #define PACKAGE_URL ""
| #define PACKAGE "prophet"
| #define VERSION "0.1"
| #define STDC_HEADERS 1
| #define HAVE_SYS_TYPES_H 1
| #define HAVE_SYS_STAT_H 1
| #define HAVE_STDLIB_H 1
| #define HAVE_STRING_H 1
| #define HAVE_MEMORY_H 1
| #define HAVE_STRINGS_H 1
| #define HAVE_INTTYPES_H 1
| #define HAVE_STDINT_H 1
| #define HAVE_UNISTD_H 1
| #define HAVE_DLFCN_H 1
| #define LT_OBJDIR ".libs/"
| /* end confdefs.h.  */
| #include <ac_nonexistent.h>
configure:12234: result: g++ -E
configure:12254: g++ -E  conftest.cpp
configure:12254: $? = 0
configure:12268: g++ -E  conftest.cpp
conftest.cpp:23:10: fatal error: 'ac_nonexistent.h' file not found
#include <ac_nonexistent.h>
         ^
1 error generated.
configure:12268: $? = 1
configure: failed program was:
| /* confdefs.h */
| #define PACKAGE_NAME "prophet"
| #define PACKAGE_TARNAME "prophet"
| #define PACKAGE_VERSION "0.1"
| #define PACKAGE_STRING "prophet 0.1"
| #define PACKAGE_BUGREPORT "fanl@csail.mit.edu, zichaoqi@mit.edu"
| #define PACKAGE_URL ""
| #define PACKAGE "prophet"
| #define VERSION "0.1"
| #define STDC_HEADERS 1
| #define HAVE_SYS_TYPES_H 1
| #define HAVE_SYS_STAT_H 1
| #define HAVE_STDLIB_H 1
| #define HAVE_STRING_H 1
| #define HAVE_MEMORY_H 1
| #define HAVE_STRINGS_H 1
| #define HAVE_INTTYPES_H 1
| #define HAVE_STDINT_H 1
| #define HAVE_UNISTD_H 1
| #define HAVE_DLFCN_H 1
| #define LT_OBJDIR ".libs/"
| /* end confdefs.h.  */
| #include <ac_nonexistent.h>
configure:12437: checking for ld used by g++
configure:12504: result: /Library/Developer/CommandLineTools/usr/bin/ld
configure:12511: checking if the linker (/Library/Developer/CommandLineTools/usr/bin/ld) is GNU ld
configure:12526: result: no
configure:12581: checking whether the g++ linker (/Library/Developer/CommandLineTools/usr/bin/ld) supports shared libraries
configure:13583: result: yes
configure:13619: g++ -c -g -O2  conftest.cpp >&5
configure:13622: $? = 0
configure:14142: checking for g++ option to produce PIC
configure:14149: result: -fno-common -DPIC
configure:14157: checking if g++ PIC flag -fno-common -DPIC works
configure:14175: g++ -c -g -O2  -fno-common -DPIC -DPIC conftest.cpp >&5
configure:14179: $? = 0
configure:14192: result: yes
configure:14215: checking if g++ static flag -static works
configure:14243: result: no
configure:14255: checking if g++ supports -c -o file.o
configure:14276: g++ -c -g -O2  -o out/conftest2.o conftest.cpp >&5
configure:14280: $? = 0
configure:14302: result: yes
configure:14307: checking if g++ supports -c -o file.o
configure:14354: result: yes
configure:14384: checking whether the g++ linker (/Library/Developer/CommandLineTools/usr/bin/ld) supports shared libraries
configure:14423: result: yes
configure:14564: checking dynamic linker characteristics
configure:15232: result: darwin15.3.0 dyld
configure:15285: checking how to hardcode library paths into programs
configure:15310: result: immediate
configure:15405: checking size of void *
configure:15410: gcc -o conftest -g -O2   conftest.c  >&5
configure:15410: $? = 0
configure:15410: ./conftest
configure:15410: $? = 0
configure:15424: result: 8
configure:15438: checking size of int
configure:15443: gcc -o conftest -g -O2   conftest.c  >&5
configure:15443: $? = 0
configure:15443: ./conftest
configure:15443: $? = 0
configure:15457: result: 4
configure:15471: checking size of long
configure:15476: gcc -o conftest -g -O2   conftest.c  >&5
configure:15476: $? = 0
configure:15476: ./conftest
configure:15476: $? = 0
configure:15490: result: 8
configure:15614: checking that generated files are newer than configure
configure:15620: result: done
configure:15647: creating ./config.status

## ---------------------- ##
## Running config.status. ##
## ---------------------- ##

This file was extended by prophet config.status 0.1, which was
generated by GNU Autoconf 2.69.  Invocation command line was

  CONFIG_FILES    = 
  CONFIG_HEADERS  = 
  CONFIG_LINKS    = 
  CONFIG_COMMANDS = 
  $ ./config.status 

on lisa

config.status:1160: creating Makefile
config.status:1312: error: could not create Makefile

## ---------------- ##
## Cache variables. ##
## ---------------- ##

ac_cv_build=x86_64-apple-darwin15.3.0
ac_cv_c_compiler_gnu=yes
ac_cv_cxx_compiler_gnu=yes
ac_cv_env_CCC_set=
ac_cv_env_CCC_value=
ac_cv_env_CC_set=
ac_cv_env_CC_value=
ac_cv_env_CFLAGS_set=
ac_cv_env_CFLAGS_value=
ac_cv_env_CPPFLAGS_set=
ac_cv_env_CPPFLAGS_value=
ac_cv_env_CPP_set=
ac_cv_env_CPP_value=
ac_cv_env_CXXCPP_set=
ac_cv_env_CXXCPP_value=
ac_cv_env_CXXFLAGS_set=
ac_cv_env_CXXFLAGS_value=
ac_cv_env_CXX_set=
ac_cv_env_CXX_value=
ac_cv_env_LDFLAGS_set=
ac_cv_env_LDFLAGS_value=
ac_cv_env_LIBS_set=
ac_cv_env_LIBS_value=
ac_cv_env_build_alias_set=
ac_cv_env_build_alias_value=
ac_cv_env_host_alias_set=
ac_cv_env_host_alias_value=
ac_cv_env_target_alias_set=
ac_cv_env_target_alias_value=
ac_cv_header_dlfcn_h=yes
ac_cv_header_inttypes_h=yes
ac_cv_header_memory_h=yes
ac_cv_header_stdc=yes
ac_cv_header_stdint_h=yes
ac_cv_header_stdlib_h=yes
ac_cv_header_string_h=yes
ac_cv_header_strings_h=yes
ac_cv_header_sys_stat_h=yes
ac_cv_header_sys_types_h=yes
ac_cv_header_unistd_h=yes
ac_cv_host=x86_64-apple-darwin15.3.0
ac_cv_objext=o
ac_cv_path_EGREP='/usr/bin/grep -E'
ac_cv_path_FGREP='/usr/bin/grep -F'
ac_cv_path_GREP=/usr/bin/grep
ac_cv_path_SED=/usr/bin/sed
ac_cv_path_install='/usr/bin/install -c'
ac_cv_prog_AWK=awk
ac_cv_prog_CPP='gcc -E'
ac_cv_prog_CXXCPP='g++ -E'
ac_cv_prog_ac_ct_AR=ar
ac_cv_prog_ac_ct_CC=gcc
ac_cv_prog_ac_ct_CXX=g++
ac_cv_prog_ac_ct_DSYMUTIL=dsymutil
ac_cv_prog_ac_ct_LIPO=lipo
ac_cv_prog_ac_ct_NMEDIT=nmedit
ac_cv_prog_ac_ct_OTOOL=otool
ac_cv_prog_ac_ct_RANLIB=ranlib
ac_cv_prog_ac_ct_STRIP=strip
ac_cv_prog_cc_c89=
ac_cv_prog_cc_g=yes
ac_cv_prog_cxx_g=yes
ac_cv_prog_make_make_set=yes
ac_cv_sizeof_int=4
ac_cv_sizeof_long=8
ac_cv_sizeof_void_p=8
am_cv_CC_dependencies_compiler_type=gcc3
am_cv_CXX_dependencies_compiler_type=gcc3
am_cv_make_support_nested_variables=yes
am_cv_prog_cc_c_o=yes
lt_cv_apple_cc_single_mod=yes
lt_cv_ar_at_file=no
lt_cv_deplibs_check_method=pass_all
lt_cv_file_magic_cmd='$MAGIC_CMD'
lt_cv_file_magic_test_file=
lt_cv_ld_exported_symbols_list=yes
lt_cv_ld_force_load=yes
lt_cv_ld_reload_flag=-r
lt_cv_nm_interface='BSD nm'
lt_cv_objdir=.libs
lt_cv_path_LD=/Library/Developer/CommandLineTools/usr/bin/ld
lt_cv_path_LDCXX=/Library/Developer/CommandLineTools/usr/bin/ld
lt_cv_path_NM=/usr/bin/nm
lt_cv_path_mainfest_tool=no
lt_cv_prog_compiler_c_o=yes
lt_cv_prog_compiler_c_o_CXX=yes
lt_cv_prog_compiler_pic='-fno-common -DPIC'
lt_cv_prog_compiler_pic_CXX='-fno-common -DPIC'
lt_cv_prog_compiler_pic_works=yes
lt_cv_prog_compiler_pic_works_CXX=yes
lt_cv_prog_compiler_rtti_exceptions=yes
lt_cv_prog_compiler_static_works=no
lt_cv_prog_compiler_static_works_CXX=no
lt_cv_prog_gnu_ld=no
lt_cv_prog_gnu_ldcxx=no
lt_cv_sharedlib_from_linklib_cmd='printf %s\n'
lt_cv_sys_global_symbol_pipe='sed -n -e '\''s/^.*[	 ]\([BCDEGRST][BCDEGRST]*\)[	 ][	 ]*_\([_A-Za-z][_A-Za-z0-9]*\)$/\1 _\2 \2/p'\'' | sed '\''/ __gnu_lto/d'\'''
lt_cv_sys_global_symbol_to_c_name_address='sed -n -e '\''s/^: \([^ ]*\)[ ]*$/  {\"\1\", (void *) 0},/p'\'' -e '\''s/^[BCDEGRST]* \([^ ]*\) \([^ ]*\)$/  {"\2", (void *) \&\2},/p'\'''
lt_cv_sys_global_symbol_to_c_name_address_lib_prefix='sed -n -e '\''s/^: \([^ ]*\)[ ]*$/  {\"\1\", (void *) 0},/p'\'' -e '\''s/^[BCDEGRST]* \([^ ]*\) \(lib[^ ]*\)$/  {"\2", (void *) \&\2},/p'\'' -e '\''s/^[BCDEGRST]* \([^ ]*\) \([^ ]*\)$/  {"lib\2", (void *) \&\2},/p'\'''
lt_cv_sys_global_symbol_to_cdecl='sed -n -e '\''s/^T .* \(.*\)$/extern int \1();/p'\'' -e '\''s/^[BCDEGRST]* .* \(.*\)$/extern char \1;/p'\'''
lt_cv_sys_max_cmd_len=196608
lt_cv_to_host_file_cmd=func_convert_file_noop
lt_cv_to_tool_file_cmd=func_convert_file_noop

## ----------------- ##
## Output variables. ##
## ----------------- ##

ACLOCAL='${SHELL} /Users/lisahua/Documents/lisa/project/spr/git-repo/repo/spr/build-aux/missing aclocal-1.14'
AMDEPBACKSLASH='\'
AMDEP_FALSE='#'
AMDEP_TRUE=''
AMTAR='$${TAR-tar}'
AM_BACKSLASH='\'
AM_DEFAULT_V='$(AM_DEFAULT_VERBOSITY)'
AM_DEFAULT_VERBOSITY='0'
AM_V='$(V)'
AR='ar'
AUTOCONF='${SHELL} /Users/lisahua/Documents/lisa/project/spr/git-repo/repo/spr/build-aux/missing autoconf'
AUTOHEADER='${SHELL} /Users/lisahua/Documents/lisa/project/spr/git-repo/repo/spr/build-aux/missing autoheader'
AUTOMAKE='${SHELL} /Users/lisahua/Documents/lisa/project/spr/git-repo/repo/spr/build-aux/missing automake-1.14'
AWK='awk'
CC='gcc'
CCDEPMODE='depmode=gcc3'
CFLAGS='-g -O2'
CPP='gcc -E'
CPPFLAGS=''
CXX='g++'
CXXCPP='g++ -E'
CXXDEPMODE='depmode=gcc3'
CXXFLAGS='-g -O2'
CYGPATH_W='echo'
DEFS='-DHAVE_CONFIG_H'
DEPDIR='.deps'
DLLTOOL='false'
DSYMUTIL='dsymutil'
DUMPBIN=''
ECHO_C='\c'
ECHO_N=''
ECHO_T=''
EGREP='/usr/bin/grep -E'
EXEEXT=''
FGREP='/usr/bin/grep -F'
GREP='/usr/bin/grep'
INSTALL_DATA='${INSTALL} -m 644'
INSTALL_PROGRAM='${INSTALL}'
INSTALL_SCRIPT='${INSTALL}'
INSTALL_STRIP_PROGRAM='$(install_sh) -c -s'
LD='/Library/Developer/CommandLineTools/usr/bin/ld'
LDFLAGS=''
LIBOBJS=''
LIBS=''
LIBTOOL='$(SHELL) $(top_builddir)/libtool'
LIPO='lipo'
LN_S='ln -s'
LTLIBOBJS=''
MAKEINFO='${SHELL} /Users/lisahua/Documents/lisa/project/spr/git-repo/repo/spr/build-aux/missing makeinfo'
MANIFEST_TOOL=':'
MKDIR_P='build-aux/install-sh -c -d'
NM='/usr/bin/nm'
NMEDIT='nmedit'
OBJDUMP='false'
OBJEXT='o'
OTOOL64=':'
OTOOL='otool'
PACKAGE='prophet'
PACKAGE_BUGREPORT='fanl@csail.mit.edu, zichaoqi@mit.edu'
PACKAGE_NAME='prophet'
PACKAGE_STRING='prophet 0.1'
PACKAGE_TARNAME='prophet'
PACKAGE_URL=''
PACKAGE_VERSION='0.1'
PATH_SEPARATOR=':'
RANLIB='ranlib'
SED='/usr/bin/sed'
SET_MAKE=''
SHELL='/bin/sh'
STRIP='strip'
VERSION='0.1'
ac_ct_AR='ar'
ac_ct_CC='gcc'
ac_ct_CXX='g++'
ac_ct_DUMPBIN=''
am__EXEEXT_FALSE=''
am__EXEEXT_TRUE='#'
am__fastdepCC_FALSE='#'
am__fastdepCC_TRUE=''
am__fastdepCXX_FALSE='#'
am__fastdepCXX_TRUE=''
am__include='include'
am__isrc=''
am__leading_dot='.'
am__nodep='_no'
am__quote=''
am__tar='$${TAR-tar} chof - "$$tardir"'
am__untar='$${TAR-tar} xf -'
bindir='${exec_prefix}/bin'
build='x86_64-apple-darwin15.3.0'
build_alias=''
build_cpu='x86_64'
build_os='darwin15.3.0'
build_vendor='apple'
datadir='${datarootdir}'
datarootdir='${prefix}/share'
docdir='${datarootdir}/doc/${PACKAGE_TARNAME}'
dvidir='${docdir}'
exec_prefix='${prefix}'
host='x86_64-apple-darwin15.3.0'
host_alias=''
host_cpu='x86_64'
host_os='darwin15.3.0'
host_vendor='apple'
htmldir='${docdir}'
includedir='${prefix}/include'
infodir='${datarootdir}/info'
install_sh='${SHELL} /Users/lisahua/Documents/lisa/project/spr/git-repo/repo/spr/build-aux/install-sh'
libdir='${exec_prefix}/lib'
libexecdir='${exec_prefix}/libexec'
localedir='${datarootdir}/locale'
localstatedir='${prefix}/var'
mandir='${datarootdir}/man'
mkdir_p='$(MKDIR_P)'
oldincludedir='/usr/include'
pdfdir='${docdir}'
prefix='/usr/local'
program_transform_name='s,x,x,'
psdir='${docdir}'
sbindir='${exec_prefix}/sbin'
sharedstatedir='${prefix}/com'
sysconfdir='${prefix}/etc'
target_alias=''

## ----------- ##
## confdefs.h. ##
## ----------- ##

/* confdefs.h */
#define PACKAGE_NAME "prophet"
#define PACKAGE_TARNAME "prophet"
#define PACKAGE_VERSION "0.1"
#define PACKAGE_STRING "prophet 0.1"
#define PACKAGE_BUGREPORT "fanl@csail.mit.edu, zichaoqi@mit.edu"
#define PACKAGE_URL ""
#define PACKAGE "prophet"
#define VERSION "0.1"
#define STDC_HEADERS 1
#define HAVE_SYS_TYPES_H 1
#define HAVE_SYS_STAT_H 1
#define HAVE_STDLIB_H 1
#define HAVE_STRING_H 1
#define HAVE_MEMORY_H 1
#define HAVE_STRINGS_H 1
#define HAVE_INTTYPES_H 1
#define HAVE_STDINT_H 1
#define HAVE_UNISTD_H 1
#define HAVE_DLFCN_H 1
#define LT_OBJDIR ".libs/"
#define EXTRA_CLANG_INCLUDE_PATH " -I/Library/Developer/CommandLineTools/usr/bin/../lib/clang/7.0.2/include  -I/Library/Developer/CommandLineTools/usr/include  -I/usr/include  -I/System/Library/Frameworks (framework directory)  -I/Library/Frameworks (framework directory)  "
#define CLANG_WRAP_PATH "/wrap"
#define CLANG_CMD "/usr/bin/clang"
#define GCC_CMD "/usr/bin/gcc"
#define SIZEOF_VOID_P 8
#define SIZEOF_INT 4
#define SIZEOF_LONG 8

configure: exit 1
